  Driver.cpp
C:\Users\12501\Desktop\memproc_core\include\Driver.h(6,10): error C1083: 无法打开包括文件: “ntifs.h”: No such file or directory
  (编译源文件“sources/Driver.cpp”)
  
  EPT.cpp
C:\Users\12501\Desktop\memproc_core\include\Driver.h(6,10): error C1083: 无法打开包括文件: “ntifs.h”: No such file or directory
  (编译源文件“sources/EPT.cpp”)
  
  gdt.cpp
C:\Users\12501\Desktop\memproc_core\include\Driver.h(6,10): error C1083: 无法打开包括文件: “ntifs.h”: No such file or directory
  (编译源文件“sources/gdt.cpp”)
  
  Globals.cpp
C:\Users\12501\Desktop\memproc_core\include\Driver.h(6,10): error C1083: 无法打开包括文件: “ntifs.h”: No such file or directory
  (编译源文件“sources/Globals.cpp”)
  
  HookHelper.cpp
C:\Users\12501\Desktop\memproc_core\include\HookHelper.h(4,10): error C1083: 无法打开包括文件: “ntifs.h”: No such file or directory
  (编译源文件“sources/HookHelper.cpp”)
  
  HookSystem.cpp
C:\Users\12501\Desktop\memproc_core\sources\HookSystem.cpp(2,10): error C1083: 无法打开包括文件: “ntifs.h”: No such file or directory
  hypervisor_gateway.cpp
C:\Users\12501\Desktop\memproc_core\include\Driver.h(6,10): error C1083: 无法打开包括文件: “ntifs.h”: No such file or directory
  (编译源文件“sources/hypervisor_gateway.cpp”)
  
  hypervisor_routines.cpp
C:\Users\12501\Desktop\memproc_core\include\Driver.h(6,10): error C1083: 无法打开包括文件: “ntifs.h”: No such file or directory
  (编译源文件“sources/hypervisor_routines.cpp”)
  
  idt.cpp
C:\Users\12501\Desktop\memproc_core\include\Driver.h(6,10): error C1083: 无法打开包括文件: “ntifs.h”: No such file or directory
  (编译源文件“sources/idt.cpp”)
  
  invalid_ept.cpp
C:\Users\12501\Desktop\memproc_core\include\Driver.h(6,10): error C1083: 无法打开包括文件: “ntifs.h”: No such file or directory
  (编译源文件“sources/invalid_ept.cpp”)
  
  invalid_pcid.cpp
C:\Users\12501\Desktop\memproc_core\include\Driver.h(6,10): error C1083: 无法打开包括文件: “ntifs.h”: No such file or directory
  (编译源文件“sources/invalid_pcid.cpp”)
  
  invalid_vpid.cpp
C:\Users\12501\Desktop\memproc_core\include\Driver.h(6,10): error C1083: 无法打开包括文件: “ntifs.h”: No such file or directory
  (编译源文件“sources/invalid_vpid.cpp”)
  
  poolmanager.cpp
C:\Users\12501\Desktop\memproc_core\include\Driver.h(6,10): error C1083: 无法打开包括文件: “ntifs.h”: No such file or directory
  (编译源文件“sources/poolmanager.cpp”)
  
  spinlock.cpp
C:\Users\12501\Desktop\memproc_core\include\Driver.h(6,10): error C1083: 无法打开包括文件: “ntifs.h”: No such file or directory
  (编译源文件“sources/spinlock.cpp”)
  
  vmcall_handler.cpp
C:\Users\12501\Desktop\memproc_core\include\Driver.h(6,10): error C1083: 无法打开包括文件: “ntifs.h”: No such file or directory
  (编译源文件“sources/vmcall_handler.cpp”)
  
  vmcs.cpp
C:\Users\12501\Desktop\memproc_core\include\Driver.h(6,10): error C1083: 无法打开包括文件: “ntifs.h”: No such file or directory
  (编译源文件“sources/vmcs.cpp”)
  
  vmexit_handler.cpp
C:\Users\12501\Desktop\memproc_core\include\Driver.h(6,10): error C1083: 无法打开包括文件: “ntifs.h”: No such file or directory
  (编译源文件“sources/vmexit_handler.cpp”)
  
  vmm.cpp
C:\Users\12501\Desktop\memproc_core\include\Driver.h(6,10): error C1083: 无法打开包括文件: “ntifs.h”: No such file or directory
  (编译源文件“sources/vmm.cpp”)
  
  正在生成代码...
